This is pdfTeX, Version 3.14159265-2.6-1.40.20 (MiKTeX 2.9.6960 64-bit) (preloaded format=pdflatex 2019.3.1)  20 MAR 2019 09:30
entering extended mode
**./sprawozdanie_szablon.tex
(sprawozdanie_szablon.tex
LaTeX2e <2018-12-01>
("C:\Users\Michal\AppData\Local\Programs\MiKTeX 2.9\tex/latex/mwcls\mwrep.cls"
Document Class: mwrep 2017/05/13 v0.75 A LaTeX document class (MW)
*** Beta version. Formatting may change
*** in future versions of this class.
("C:\Users\Michal\AppData\Local\Programs\MiKTeX 2.9\tex/latex/mwcls\mw11.clo"
File: mw11.clo 2017/05/13 v0.75 A document class size option (MW)
)
\@parindent=\dimen102
\c@part=\count80
\c@chapter=\count81
\c@section=\count82
\c@subsection=\count83
\c@subsubsection=\count84
\c@paragraph=\count85
\c@subparagraph=\count86
\c@figure=\count87
\c@table=\count88
\abovecaptionskip=\skip41
\belowcaptionskip=\skip42
\bibindent=\dimen103
)
("C:\Users\Michal\AppData\Local\Programs\MiKTeX 2.9\tex/latex/geometry\geometry
.sty"
Package: geometry 2018/04/16 v5.8 Page Geometry

("C:\Users\Michal\AppData\Local\Programs\MiKTeX 2.9\tex/latex/graphics\keyval.s
ty"
Package: keyval 2014/10/28 v1.15 key=value parser (DPC)
\KV@toks@=\toks14
)
("C:\Users\Michal\AppData\Local\Programs\MiKTeX 2.9\tex/generic/oberdiek\ifpdf.
sty"
Package: ifpdf 2018/09/07 v3.3 Provides the ifpdf switch
)
("C:\Users\Michal\AppData\Local\Programs\MiKTeX 2.9\tex/generic/oberdiek\ifvtex
.sty"
Package: ifvtex 2016/05/16 v1.6 Detect VTeX and its facilities (HO)
Package ifvtex Info: VTeX not detected.
)
("C:\Users\Michal\AppData\Local\Programs\MiKTeX 2.9\tex/generic/ifxetex\ifxetex
.sty"
Package: ifxetex 2010/09/12 v0.6 Provides ifxetex conditional
)
\Gm@cnth=\count89
\Gm@cntv=\count90
\c@Gm@tempcnt=\count91
\Gm@bindingoffset=\dimen104
\Gm@wd@mp=\dimen105
\Gm@odd@mp=\dimen106
\Gm@even@mp=\dimen107
\Gm@layoutwidth=\dimen108
\Gm@layoutheight=\dimen109
\Gm@layouthoffset=\dimen110
\Gm@layoutvoffset=\dimen111
\Gm@dimlist=\toks15

("C:\Users\Michal\AppData\Local\Programs\MiKTeX 2.9\tex/latex/geometry\geometry
.cfg"))
("C:\Users\Michal\AppData\Local\Programs\MiKTeX 2.9\tex/latex/base\fontenc.sty"
Package: fontenc 2018/08/11 v2.0j Standard LaTeX package
("C:\Users\Michal\AppData\Local\Programs\MiKTeX 2.9\tex/latex/base\ot1enc.def"
File: ot1enc.def 2018/08/11 v2.0j Standard LaTeX file
LaTeX Font Info:    Redeclaring font encoding OT1 on input line 48.
))
("C:\Users\Michal\AppData\Local\Programs\MiKTeX 2.9\tex/latex/polski\polski.sty
"
Package: polski 2017/05/04 v1.3.4 Polish language package

   Switching to Polish text encoding and Polish maths fonts.
("C:\Users\Michal\AppData\Local\Programs\MiKTeX 2.9\tex/latex/base\ot4enc.def"
File: ot4enc.def 2018/08/11 v2.0j Standard LaTeX file
Now handling font encoding OT4 ...
... no UTF-8 mapping file for font encoding OT4
)
LaTeX Font Info:    Try loading font information for OT4+cmr on input line 360.

("C:\Users\Michal\AppData\Local\Programs\MiKTeX 2.9\tex/latex/polski\ot4cmr.fd"
File: ot4cmr.fd 2008/02/24 v1.2.1 Font defs for fonts PL (MW)
)
LaTeX Font Info:    Overwriting math alphabet `\mathbf' in version `normal'
(Font)                  OT1/cmr/bx/n --> OT4/cmr/bx/n on input line 360.
LaTeX Font Info:    Overwriting math alphabet `\mathsf' in version `normal'
(Font)                  OT1/cmss/m/n --> OT4/cmss/m/n on input line 360.
LaTeX Font Info:    Overwriting math alphabet `\mathit' in version `normal'
(Font)                  OT1/cmr/m/it --> OT4/cmr/m/it on input line 360.
LaTeX Font Info:    Overwriting math alphabet `\mathtt' in version `normal'
(Font)                  OT1/cmtt/m/n --> OT4/cmtt/m/n on input line 360.
LaTeX Font Info:    Overwriting math alphabet `\mathsf' in version `bold'
(Font)                  OT1/cmss/bx/n --> OT4/cmss/bx/n on input line 360.
LaTeX Font Info:    Overwriting math alphabet `\mathit' in version `bold'
(Font)                  OT1/cmr/bx/it --> OT4/cmr/bx/it on input line 360.
LaTeX Font Info:    Encoding `OT1' has changed to `OT4' for symbol font
(Font)              `operators' in the math version `normal' on input line 360.

LaTeX Font Info:    Overwriting symbol font `operators' in version `normal'
(Font)                  OT1/cmr/m/n --> OT4/cmr/m/n on input line 360.
LaTeX Font Info:    Overwriting symbol font `letters' in version `normal'
(Font)                  OML/cmm/m/it --> OML/plm/m/it on input line 360.
LaTeX Font Info:    Overwriting symbol font `symbols' in version `normal'
(Font)                  OMS/cmsy/m/n --> OMS/plsy/m/n on input line 360.
LaTeX Font Info:    Overwriting symbol font `largesymbols' in version `normal'
(Font)                  OMX/cmex/m/n --> OMX/plex/m/n on input line 360.
LaTeX Font Info:    Encoding `OT1' has changed to `OT4' for symbol font
(Font)              `operators' in the math version `bold' on input line 360.
LaTeX Font Info:    Overwriting symbol font `operators' in version `bold'
(Font)                  OT1/cmr/bx/n --> OT4/cmr/bx/n on input line 360.
LaTeX Font Info:    Overwriting symbol font `letters' in version `bold'
(Font)                  OML/cmm/b/it --> OML/plm/b/it on input line 360.
LaTeX Font Info:    Overwriting symbol font `symbols' in version `bold'
(Font)                  OMS/cmsy/b/n --> OMS/plsy/b/n on input line 360.
)
("C:\Users\Michal\AppData\Local\Programs\MiKTeX 2.9\tex/latex/amsmath\amsmath.s
ty"
Package: amsmath 2018/12/01 v2.17b AMS math features
\@mathmargin=\skip43

For additional information on amsmath, use the `?' option.

("C:\Users\Michal\AppData\Local\Programs\MiKTeX 2.9\tex/latex/amsmath\amstext.s
ty"
Package: amstext 2000/06/29 v2.01 AMS text

("C:\Users\Michal\AppData\Local\Programs\MiKTeX 2.9\tex/latex/amsmath\amsgen.st
y"
File: amsgen.sty 1999/11/30 v2.0 generic functions
\@emptytoks=\toks16
\ex@=\dimen112
))
("C:\Users\Michal\AppData\Local\Programs\MiKTeX 2.9\tex/latex/amsmath\amsbsy.st
y"
Package: amsbsy 1999/11/29 v1.2d Bold Symbols
\pmbraise@=\dimen113
)
("C:\Users\Michal\AppData\Local\Programs\MiKTeX 2.9\tex/latex/amsmath\amsopn.st
y"
Package: amsopn 2016/03/08 v2.02 operator names
)
\inf@bad=\count92
LaTeX Info: Redefining \frac on input line 223.
\uproot@=\count93
\leftroot@=\count94
LaTeX Info: Redefining \overline on input line 385.
\classnum@=\count95
\DOTSCASE@=\count96
LaTeX Info: Redefining \ldots on input line 482.
LaTeX Info: Redefining \dots on input line 485.
LaTeX Info: Redefining \cdots on input line 606.
\Mathstrutbox@=\box27
\strutbox@=\box28
\big@size=\dimen114
LaTeX Font Info:    Redeclaring font encoding OML on input line 729.
LaTeX Font Info:    Redeclaring font encoding OMS on input line 730.
\macc@depth=\count97
\c@MaxMatrixCols=\count98
\dotsspace@=\muskip10
\c@parentequation=\count99
\dspbrk@lvl=\count100
\tag@help=\toks17
\row@=\count101
\column@=\count102
\maxfields@=\count103
\andhelp@=\toks18
\eqnshift@=\dimen115
\alignsep@=\dimen116
\tagshift@=\dimen117
\tagwidth@=\dimen118
\totwidth@=\dimen119
\lineht@=\dimen120
\@envbody=\toks19
\multlinegap=\skip44
\multlinetaggap=\skip45
\mathdisplay@stack=\toks20
LaTeX Info: Redefining \[ on input line 2844.
LaTeX Info: Redefining \] on input line 2845.
)
("C:\Users\Michal\AppData\Local\Programs\MiKTeX 2.9\tex/latex/amsfonts\amsfonts
.sty"
Package: amsfonts 2013/01/14 v3.01 Basic AMSFonts support
\symAMSa=\mathgroup4
\symAMSb=\mathgroup5
LaTeX Font Info:    Overwriting math alphabet `\mathfrak' in version `bold'
(Font)                  U/euf/m/n --> U/euf/b/n on input line 106.
)
("C:\Users\Michal\AppData\Local\Programs\MiKTeX 2.9\tex/latex/amsfonts\amssymb.
sty"
Package: amssymb 2013/01/14 v3.01 AMS font symbols
)
("C:\Users\Michal\AppData\Local\Programs\MiKTeX 2.9\tex/latex/graphics\graphicx
.sty"
Package: graphicx 2017/06/01 v1.1a Enhanced LaTeX Graphics (DPC,SPQR)

("C:\Users\Michal\AppData\Local\Programs\MiKTeX 2.9\tex/latex/graphics\graphics
.sty"
Package: graphics 2017/06/25 v1.2c Standard LaTeX Graphics (DPC,SPQR)

("C:\Users\Michal\AppData\Local\Programs\MiKTeX 2.9\tex/latex/graphics\trig.sty
"
Package: trig 2016/01/03 v1.10 sin cos tan (DPC)
)
("C:\Users\Michal\AppData\Local\Programs\MiKTeX 2.9\tex/latex/graphics-cfg\grap
hics.cfg"
File: graphics.cfg 2016/06/04 v1.11 sample graphics configuration
)
Package graphics Info: Driver file: pdftex.def on input line 99.

("C:\Users\Michal\AppData\Local\Programs\MiKTeX 2.9\tex/latex/graphics-def\pdft
ex.def"
File: pdftex.def 2018/01/08 v1.0l Graphics/color driver for pdftex
))
\Gin@req@height=\dimen121
\Gin@req@width=\dimen122
)
("C:\Users\Michal\AppData\Local\Programs\MiKTeX 2.9\tex/latex/url\url.sty"
\Urlmuskip=\muskip11
Package: url 2013/09/16  ver 3.4  Verb mode for urls, etc.
)
("C:\Users\Michal\AppData\Local\Programs\MiKTeX 2.9\tex/latex/pgf/frontendlayer
\tikz.sty"
("C:\Users\Michal\AppData\Local\Programs\MiKTeX 2.9\tex/latex/pgf/basiclayer\pg
f.sty"
("C:\Users\Michal\AppData\Local\Programs\MiKTeX 2.9\tex/latex/pgf/utilities\pgf
rcs.sty"
("C:\Users\Michal\AppData\Local\Programs\MiKTeX 2.9\tex/generic/pgf/utilities\p
gfutil-common.tex"
\pgfutil@everybye=\toks21
\pgfutil@tempdima=\dimen123
\pgfutil@tempdimb=\dimen124

("C:\Users\Michal\AppData\Local\Programs\MiKTeX 2.9\tex/generic/pgf/utilities\p
gfutil-common-lists.tex"))
("C:\Users\Michal\AppData\Local\Programs\MiKTeX 2.9\tex/generic/pgf/utilities\p
gfutil-latex.def"
\pgfutil@abb=\box29

("C:\Users\Michal\AppData\Local\Programs\MiKTeX 2.9\tex/latex/ms\everyshi.sty"
Package: everyshi 2001/05/15 v3.00 EveryShipout Package (MS)
))
("C:\Users\Michal\AppData\Local\Programs\MiKTeX 2.9\tex/generic/pgf/utilities\p
gfrcs.code.tex"
("C:\Users\Michal\AppData\Local\Programs\MiKTeX 2.9\tex/generic/pgf\pgf.revisio
n.tex")
Package: pgfrcs 2019/02/02 v3.1.1 (3.1.1)
))
Package: pgf 2019/02/02 v3.1.1 (3.1.1)

("C:\Users\Michal\AppData\Local\Programs\MiKTeX 2.9\tex/latex/pgf/basiclayer\pg
fcore.sty"
("C:\Users\Michal\AppData\Local\Programs\MiKTeX 2.9\tex/latex/pgf/systemlayer\p
gfsys.sty"
("C:\Users\Michal\AppData\Local\Programs\MiKTeX 2.9\tex/generic/pgf/systemlayer
\pgfsys.code.tex"
Package: pgfsys 2019/02/02 v3.1.1 (3.1.1)

("C:\Users\Michal\AppData\Local\Programs\MiKTeX 2.9\tex/generic/pgf/utilities\p
gfkeys.code.tex"
\pgfkeys@pathtoks=\toks22
\pgfkeys@temptoks=\toks23

("C:\Users\Michal\AppData\Local\Programs\MiKTeX 2.9\tex/generic/pgf/utilities\p
gfkeysfiltered.code.tex"
\pgfkeys@tmptoks=\toks24
))
\pgf@x=\dimen125
\pgf@y=\dimen126
\pgf@xa=\dimen127
\pgf@ya=\dimen128
\pgf@xb=\dimen129
\pgf@yb=\dimen130
\pgf@xc=\dimen131
\pgf@yc=\dimen132
\w@pgf@writea=\write3
\r@pgf@reada=\read1
\c@pgf@counta=\count104
\c@pgf@countb=\count105
\c@pgf@countc=\count106
\c@pgf@countd=\count107
\t@pgf@toka=\toks25
\t@pgf@tokb=\toks26
\t@pgf@tokc=\toks27
\pgf@sys@id@count=\count108

("C:\Users\Michal\AppData\Local\Programs\MiKTeX 2.9\tex/generic/pgf/systemlayer
\pgf.cfg"
File: pgf.cfg 2019/02/02 v3.1.1 (3.1.1)
)
Driver file for pgf: pgfsys-pdftex.def

("C:\Users\Michal\AppData\Local\Programs\MiKTeX 2.9\tex/generic/pgf/systemlayer
\pgfsys-pdftex.def"
File: pgfsys-pdftex.def 2019/02/02 v3.1.1 (3.1.1)

("C:\Users\Michal\AppData\Local\Programs\MiKTeX 2.9\tex/generic/pgf/systemlayer
\pgfsys-common-pdf.def"
File: pgfsys-common-pdf.def 2019/02/02 v3.1.1 (3.1.1)
)))
("C:\Users\Michal\AppData\Local\Programs\MiKTeX 2.9\tex/generic/pgf/systemlayer
\pgfsyssoftpath.code.tex"
File: pgfsyssoftpath.code.tex 2019/02/02 v3.1.1 (3.1.1)
\pgfsyssoftpath@smallbuffer@items=\count109
\pgfsyssoftpath@bigbuffer@items=\count110
)
("C:\Users\Michal\AppData\Local\Programs\MiKTeX 2.9\tex/generic/pgf/systemlayer
\pgfsysprotocol.code.tex"
File: pgfsysprotocol.code.tex 2019/02/02 v3.1.1 (3.1.1)
))
("C:\Users\Michal\AppData\Local\Programs\MiKTeX 2.9\tex/latex/xcolor\xcolor.sty
"
Package: xcolor 2016/05/11 v2.12 LaTeX color extensions (UK)

("C:\Users\Michal\AppData\Local\Programs\MiKTeX 2.9\tex/latex/graphics-cfg\colo
r.cfg"
File: color.cfg 2016/01/02 v1.6 sample color configuration
)
Package xcolor Info: Driver file: pdftex.def on input line 225.
Package xcolor Info: Model `cmy' substituted by `cmy0' on input line 1348.
Package xcolor Info: Model `hsb' substituted by `rgb' on input line 1352.
Package xcolor Info: Model `RGB' extended on input line 1364.
Package xcolor Info: Model `HTML' substituted by `rgb' on input line 1366.
Package xcolor Info: Model `Hsb' substituted by `hsb' on input line 1367.
Package xcolor Info: Model `tHsb' substituted by `hsb' on input line 1368.
Package xcolor Info: Model `HSB' substituted by `hsb' on input line 1369.
Package xcolor Info: Model `Gray' substituted by `gray' on input line 1370.
Package xcolor Info: Model `wave' substituted by `hsb' on input line 1371.
)
("C:\Users\Michal\AppData\Local\Programs\MiKTeX 2.9\tex/generic/pgf/basiclayer\
pgfcore.code.tex"
Package: pgfcore 2019/02/02 v3.1.1 (3.1.1)

("C:\Users\Michal\AppData\Local\Programs\MiKTeX 2.9\tex/generic/pgf/math\pgfmat
h.code.tex"
("C:\Users\Michal\AppData\Local\Programs\MiKTeX 2.9\tex/generic/pgf/math\pgfmat
hcalc.code.tex"
("C:\Users\Michal\AppData\Local\Programs\MiKTeX 2.9\tex/generic/pgf/math\pgfmat
hutil.code.tex")
("C:\Users\Michal\AppData\Local\Programs\MiKTeX 2.9\tex/generic/pgf/math\pgfmat
hparser.code.tex"
\pgfmath@dimen=\dimen133
\pgfmath@count=\count111
\pgfmath@box=\box30
\pgfmath@toks=\toks28
\pgfmath@stack@operand=\toks29
\pgfmath@stack@operation=\toks30
)
("C:\Users\Michal\AppData\Local\Programs\MiKTeX 2.9\tex/generic/pgf/math\pgfmat
hfunctions.code.tex"
("C:\Users\Michal\AppData\Local\Programs\MiKTeX 2.9\tex/generic/pgf/math\pgfmat
hfunctions.basic.code.tex")
("C:\Users\Michal\AppData\Local\Programs\MiKTeX 2.9\tex/generic/pgf/math\pgfmat
hfunctions.trigonometric.code.tex")
("C:\Users\Michal\AppData\Local\Programs\MiKTeX 2.9\tex/generic/pgf/math\pgfmat
hfunctions.random.code.tex")
("C:\Users\Michal\AppData\Local\Programs\MiKTeX 2.9\tex/generic/pgf/math\pgfmat
hfunctions.comparison.code.tex")
("C:\Users\Michal\AppData\Local\Programs\MiKTeX 2.9\tex/generic/pgf/math\pgfmat
hfunctions.base.code.tex")
("C:\Users\Michal\AppData\Local\Programs\MiKTeX 2.9\tex/generic/pgf/math\pgfmat
hfunctions.round.code.tex")
("C:\Users\Michal\AppData\Local\Programs\MiKTeX 2.9\tex/generic/pgf/math\pgfmat
hfunctions.misc.code.tex")
("C:\Users\Michal\AppData\Local\Programs\MiKTeX 2.9\tex/generic/pgf/math\pgfmat
hfunctions.integerarithmetics.code.tex")))
("C:\Users\Michal\AppData\Local\Programs\MiKTeX 2.9\tex/generic/pgf/math\pgfmat
hfloat.code.tex"
\c@pgfmathroundto@lastzeros=\count112
))
("C:\Users\Michal\AppData\Local\Programs\MiKTeX 2.9\tex/generic/pgf/basiclayer\
pgfcorepoints.code.tex"
File: pgfcorepoints.code.tex 2019/02/02 v3.1.1 (3.1.1)
\pgf@picminx=\dimen134
\pgf@picmaxx=\dimen135
\pgf@picminy=\dimen136
\pgf@picmaxy=\dimen137
\pgf@pathminx=\dimen138
\pgf@pathmaxx=\dimen139
\pgf@pathminy=\dimen140
\pgf@pathmaxy=\dimen141
\pgf@xx=\dimen142
\pgf@xy=\dimen143
\pgf@yx=\dimen144
\pgf@yy=\dimen145
\pgf@zx=\dimen146
\pgf@zy=\dimen147
)
("C:\Users\Michal\AppData\Local\Programs\MiKTeX 2.9\tex/generic/pgf/basiclayer\
pgfcorepathconstruct.code.tex"
File: pgfcorepathconstruct.code.tex 2019/02/02 v3.1.1 (3.1.1)
\pgf@path@lastx=\dimen148
\pgf@path@lasty=\dimen149
)
("C:\Users\Michal\AppData\Local\Programs\MiKTeX 2.9\tex/generic/pgf/basiclayer\
pgfcorepathusage.code.tex"
File: pgfcorepathusage.code.tex 2019/02/02 v3.1.1 (3.1.1)
\pgf@shorten@end@additional=\dimen150
\pgf@shorten@start@additional=\dimen151
)
("C:\Users\Michal\AppData\Local\Programs\MiKTeX 2.9\tex/generic/pgf/basiclayer\
pgfcorescopes.code.tex"
File: pgfcorescopes.code.tex 2019/02/02 v3.1.1 (3.1.1)
\pgfpic=\box31
\pgf@hbox=\box32
\pgf@layerbox@main=\box33
\pgf@picture@serial@count=\count113
)
("C:\Users\Michal\AppData\Local\Programs\MiKTeX 2.9\tex/generic/pgf/basiclayer\
pgfcoregraphicstate.code.tex"
File: pgfcoregraphicstate.code.tex 2019/02/02 v3.1.1 (3.1.1)
\pgflinewidth=\dimen152
)
("C:\Users\Michal\AppData\Local\Programs\MiKTeX 2.9\tex/generic/pgf/basiclayer\
pgfcoretransformations.code.tex"
File: pgfcoretransformations.code.tex 2019/02/02 v3.1.1 (3.1.1)
\pgf@pt@x=\dimen153
\pgf@pt@y=\dimen154
\pgf@pt@temp=\dimen155
)
("C:\Users\Michal\AppData\Local\Programs\MiKTeX 2.9\tex/generic/pgf/basiclayer\
pgfcorequick.code.tex"
File: pgfcorequick.code.tex 2019/02/02 v3.1.1 (3.1.1)
)
("C:\Users\Michal\AppData\Local\Programs\MiKTeX 2.9\tex/generic/pgf/basiclayer\
pgfcoreobjects.code.tex"
File: pgfcoreobjects.code.tex 2019/02/02 v3.1.1 (3.1.1)
)
("C:\Users\Michal\AppData\Local\Programs\MiKTeX 2.9\tex/generic/pgf/basiclayer\
pgfcorepathprocessing.code.tex"
File: pgfcorepathprocessing.code.tex 2019/02/02 v3.1.1 (3.1.1)
)
("C:\Users\Michal\AppData\Local\Programs\MiKTeX 2.9\tex/generic/pgf/basiclayer\
pgfcorearrows.code.tex"
File: pgfcorearrows.code.tex 2019/02/02 v3.1.1 (3.1.1)
\pgfarrowsep=\dimen156
)
("C:\Users\Michal\AppData\Local\Programs\MiKTeX 2.9\tex/generic/pgf/basiclayer\
pgfcoreshade.code.tex"
File: pgfcoreshade.code.tex 2019/02/02 v3.1.1 (3.1.1)
\pgf@max=\dimen157
\pgf@sys@shading@range@num=\count114
)
("C:\Users\Michal\AppData\Local\Programs\MiKTeX 2.9\tex/generic/pgf/basiclayer\
pgfcoreimage.code.tex"
File: pgfcoreimage.code.tex 2019/02/02 v3.1.1 (3.1.1)

("C:\Users\Michal\AppData\Local\Programs\MiKTeX 2.9\tex/generic/pgf/basiclayer\
pgfcoreexternal.code.tex"
File: pgfcoreexternal.code.tex 2019/02/02 v3.1.1 (3.1.1)
\pgfexternal@startupbox=\box34
))
("C:\Users\Michal\AppData\Local\Programs\MiKTeX 2.9\tex/generic/pgf/basiclayer\
pgfcorelayers.code.tex"
File: pgfcorelayers.code.tex 2019/02/02 v3.1.1 (3.1.1)
)
("C:\Users\Michal\AppData\Local\Programs\MiKTeX 2.9\tex/generic/pgf/basiclayer\
pgfcoretransparency.code.tex"
File: pgfcoretransparency.code.tex 2019/02/02 v3.1.1 (3.1.1)
)
("C:\Users\Michal\AppData\Local\Programs\MiKTeX 2.9\tex/generic/pgf/basiclayer\
pgfcorepatterns.code.tex"
File: pgfcorepatterns.code.tex 2019/02/02 v3.1.1 (3.1.1)
)
("C:\Users\Michal\AppData\Local\Programs\MiKTeX 2.9\tex/generic/pgf/basiclayer\
pgfcorerdf.code.tex"
File: pgfcorerdf.code.tex 2019/02/02 v3.1.1 (3.1.1)
)))
("C:\Users\Michal\AppData\Local\Programs\MiKTeX 2.9\tex/generic/pgf/modules\pgf
moduleshapes.code.tex"
File: pgfmoduleshapes.code.tex 2019/02/02 v3.1.1 (3.1.1)
\pgfnodeparttextbox=\box35
)
("C:\Users\Michal\AppData\Local\Programs\MiKTeX 2.9\tex/generic/pgf/modules\pgf
moduleplot.code.tex"
File: pgfmoduleplot.code.tex 2019/02/02 v3.1.1 (3.1.1)
)
("C:\Users\Michal\AppData\Local\Programs\MiKTeX 2.9\tex/latex/pgf/compatibility
\pgfcomp-version-0-65.sty"
Package: pgfcomp-version-0-65 2019/02/02 v3.1.1 (3.1.1)
\pgf@nodesepstart=\dimen158
\pgf@nodesepend=\dimen159
)
("C:\Users\Michal\AppData\Local\Programs\MiKTeX 2.9\tex/latex/pgf/compatibility
\pgfcomp-version-1-18.sty"
Package: pgfcomp-version-1-18 2019/02/02 v3.1.1 (3.1.1)
))
("C:\Users\Michal\AppData\Local\Programs\MiKTeX 2.9\tex/latex/pgf/utilities\pgf
for.sty"
("C:\Users\Michal\AppData\Local\Programs\MiKTeX 2.9\tex/latex/pgf/utilities\pgf
keys.sty"
("C:\Users\Michal\AppData\Local\Programs\MiKTeX 2.9\tex/generic/pgf/utilities\p
gfkeys.code.tex"))
("C:\Users\Michal\AppData\Local\Programs\MiKTeX 2.9\tex/latex/pgf/math\pgfmath.
sty"
("C:\Users\Michal\AppData\Local\Programs\MiKTeX 2.9\tex/generic/pgf/math\pgfmat
h.code.tex"))
("C:\Users\Michal\AppData\Local\Programs\MiKTeX 2.9\tex/generic/pgf/utilities\p
gffor.code.tex"
Package: pgffor 2019/02/02 v3.1.1 (3.1.1)

("C:\Users\Michal\AppData\Local\Programs\MiKTeX 2.9\tex/generic/pgf/math\pgfmat
h.code.tex")
\pgffor@iter=\dimen160
\pgffor@skip=\dimen161
\pgffor@stack=\toks31
\pgffor@toks=\toks32
))
("C:\Users\Michal\AppData\Local\Programs\MiKTeX 2.9\tex/generic/pgf/frontendlay
er/tikz\tikz.code.tex"
Package: tikz 2019/02/02 v3.1.1 (3.1.1)

("C:\Users\Michal\AppData\Local\Programs\MiKTeX 2.9\tex/generic/pgf/libraries\p
gflibraryplothandlers.code.tex"
File: pgflibraryplothandlers.code.tex 2019/02/02 v3.1.1 (3.1.1)
\pgf@plot@mark@count=\count115
\pgfplotmarksize=\dimen162
)
\tikz@lastx=\dimen163
\tikz@lasty=\dimen164
\tikz@lastxsaved=\dimen165
\tikz@lastysaved=\dimen166
\tikzleveldistance=\dimen167
\tikzsiblingdistance=\dimen168
\tikz@figbox=\box36
\tikz@figbox@bg=\box37
\tikz@tempbox=\box38
\tikz@tempbox@bg=\box39
\tikztreelevel=\count116
\tikznumberofchildren=\count117
\tikznumberofcurrentchild=\count118
\tikz@fig@count=\count119

("C:\Users\Michal\AppData\Local\Programs\MiKTeX 2.9\tex/generic/pgf/modules\pgf
modulematrix.code.tex"
File: pgfmodulematrix.code.tex 2019/02/02 v3.1.1 (3.1.1)
\pgfmatrixcurrentrow=\count120
\pgfmatrixcurrentcolumn=\count121
\pgf@matrix@numberofcolumns=\count122
)
\tikz@expandcount=\count123

("C:\Users\Michal\AppData\Local\Programs\MiKTeX 2.9\tex/generic/pgf/frontendlay
er/tikz/libraries\tikzlibrarytopaths.code.tex"
File: tikzlibrarytopaths.code.tex 2019/02/02 v3.1.1 (3.1.1)
)))
("C:\Users\Michal\AppData\Local\Programs\MiKTeX 2.9\tex/generic/pgf/frontendlay
er/tikz/libraries\tikzlibraryarrows.code.tex"
File: tikzlibraryarrows.code.tex 2019/02/02 v3.1.1 (3.1.1)

("C:\Users\Michal\AppData\Local\Programs\MiKTeX 2.9\tex/generic/pgf/libraries\p
gflibraryarrows.code.tex"
File: pgflibraryarrows.code.tex 2019/02/02 v3.1.1 (3.1.1)
\arrowsize=\dimen169
))
("C:\Users\Michal\AppData\Local\Programs\MiKTeX 2.9\tex/generic/pgf/frontendlay
er/tikz/libraries\tikzlibrarycalc.code.tex"
File: tikzlibrarycalc.code.tex 2019/02/02 v3.1.1 (3.1.1)
)
("C:\Users\Michal\AppData\Local\Programs\MiKTeX 2.9\tex/generic/pgf/frontendlay
er/tikz/libraries\tikzlibrarydecorations.markings.code.tex"
("C:\Users\Michal\AppData\Local\Programs\MiKTeX 2.9\tex/generic/pgf/frontendlay
er/tikz/libraries\tikzlibrarydecorations.code.tex"
("C:\Users\Michal\AppData\Local\Programs\MiKTeX 2.9\tex/generic/pgf/modules\pgf
moduledecorations.code.tex"
\pgfdecoratedcompleteddistance=\dimen170
\pgfdecoratedremainingdistance=\dimen171
\pgfdecoratedinputsegmentcompleteddistance=\dimen172
\pgfdecoratedinputsegmentremainingdistance=\dimen173
\pgf@decorate@distancetomove=\dimen174
\pgf@decorate@repeatstate=\count124
\pgfdecorationsegmentamplitude=\dimen175
\pgfdecorationsegmentlength=\dimen176
)
\tikz@lib@dec@box=\box40
)
("C:\Users\Michal\AppData\Local\Programs\MiKTeX 2.9\tex/generic/pgf/libraries/d
ecorations\pgflibrarydecorations.markings.code.tex"))
("C:\Users\Michal\AppData\Local\Programs\MiKTeX 2.9\tex/generic/pgf/frontendlay
er/tikz/libraries\tikzlibrarymath.code.tex"
\tikz@math@for@depth=\count125
\tikz@math@dimen=\dimen177
\tikz@math@toks=\toks33
)
("C:\Users\Michal\AppData\Local\Programs\MiKTeX 2.9\tex/generic/pgf/libraries\p
gflibraryarrows.meta.code.tex"
File: pgflibraryarrows.meta.code.tex 2019/02/02 v3.1.1 (3.1.1)
\pgfarrowinset=\dimen178
\pgfarrowlength=\dimen179
\pgfarrowwidth=\dimen180
\pgfarrowlinewidth=\dimen181
)
("C:\Users\Michal\AppData\Local\Programs\MiKTeX 2.9\tex/latex/graphics\rotating
.sty"
Package: rotating 2016/08/11 v2.16d rotated objects in LaTeX

("C:\Users\Michal\AppData\Local\Programs\MiKTeX 2.9\tex/latex/base\ifthen.sty"
Package: ifthen 2014/09/29 v1.1c Standard LaTeX ifthen package (DPC)
)
\c@r@tfl@t=\count126
\rotFPtop=\skip46
\rotFPbot=\skip47
\rot@float@box=\box41
\rot@mess@toks=\toks34
)
("C:\Users\Michal\AppData\Local\Programs\MiKTeX 2.9\tex/latex/overpic\overpic.s
ty"
Package: overpic 2018/09/02 1.2 picture overlays (RN)
 ("C:\Users\Michal\AppData\Local\Programs\MiKTeX 2.9\tex/latex/eepic\epic.sty"
Enhancements to Picture Environment. Version 1.2 - Released June 1, 1986
\@@multicnt=\count127
\d@lta=\count128
\@delta=\dimen182
\@@delta=\dimen183
\@gridcnt=\count129
\@joinkind=\count130
\@dotgap=\dimen184
\@ddotgap=\dimen185
\@x@diff=\count131
\@y@diff=\count132
\x@diff=\dimen186
\y@diff=\dimen187
\@dotbox=\box42
\num@segments=\count133
\num@segmentsi=\count134
\@datafile=\read2
)
\OVP@box=\box43
)
("C:\Users\Michal\AppData\Local\Programs\MiKTeX 2.9\tex/latex/base\inputenc.sty
"
Package: inputenc 2018/08/11 v1.3c Input encoding file
\inpenc@prehook=\toks35
\inpenc@posthook=\toks36
 ("C:\Users\Michal\AppData\Local\Programs\MiKTeX 2.9\tex/latex/base\cp1250.def"
File: cp1250.def 2018/08/11 v1.3c Input encoding file
))
("C:\Users\Michal\AppData\Local\Programs\MiKTeX 2.9\tex/latex/pgfplots\pgfplots
.sty"
("C:\Users\Michal\AppData\Local\Programs\MiKTeX 2.9\tex/generic/pgfplots\pgfplo
ts.revision.tex")
Package: pgfplots 2018/03/28 v1.16 Data Visualization (1.16)

("C:\Users\Michal\AppData\Local\Programs\MiKTeX 2.9\tex/generic/pgfplots\pgfplo
ts.code.tex"
("C:\Users\Michal\AppData\Local\Programs\MiKTeX 2.9\tex/generic/pgfplots\pgfplo
tscore.code.tex"
\t@pgfplots@toka=\toks37
\t@pgfplots@tokb=\toks38
\t@pgfplots@tokc=\toks39
\pgfplots@tmpa=\dimen188
\c@pgfplots@coordindex=\count135
\c@pgfplots@scanlineindex=\count136

("C:\Users\Michal\AppData\Local\Programs\MiKTeX 2.9\tex/generic/pgfplots/sys\pg
fplotssysgeneric.code.tex"))
("C:\Users\Michal\AppData\Local\Programs\MiKTeX 2.9\tex/generic/pgfplots/libs\p
gfplotslibrary.code.tex")
("C:\Users\Michal\AppData\Local\Programs\MiKTeX 2.9\tex/generic/pgfplots/oldpgf
compatib\pgfplotsoldpgfsupp_loader.code.tex"
("C:\Users\Michal\AppData\Local\Programs\MiKTeX 2.9\tex/generic/pgf/libraries\p
gflibraryfpu.code.tex")
Package pgfplots: loading complementary arithmetics for your pgf version...

("C:\Users\Michal\AppData\Local\Programs\MiKTeX 2.9\tex/generic/pgfplots/oldpgf
compatib\pgfplotsoldpgfsupp_pgflibraryfpu.code.tex")
("C:\Users\Michal\AppData\Local\Programs\MiKTeX 2.9\tex/generic/pgfplots/oldpgf
compatib\pgfplotsoldpgfsupp_pgfmathfloat.code.tex"
\c@pgfmathroundto@lastzeros=\count137
))
("C:\Users\Michal\AppData\Local\Programs\MiKTeX 2.9\tex/generic/pgfplots/util\p
gfplotsutil.code.tex"
("C:\Users\Michal\AppData\Local\Programs\MiKTeX 2.9\tex/generic/pgfplots/listst
ructure\pgfplotsliststructure.code.tex")
("C:\Users\Michal\AppData\Local\Programs\MiKTeX 2.9\tex/generic/pgfplots/listst
ructure\pgfplotsliststructureext.code.tex")
("C:\Users\Michal\AppData\Local\Programs\MiKTeX 2.9\tex/generic/pgfplots/listst
ructure\pgfplotsarray.code.tex"
\c@pgfplotsarray@tmp=\count138
)
("C:\Users\Michal\AppData\Local\Programs\MiKTeX 2.9\tex/generic/pgfplots/listst
ructure\pgfplotsmatrix.code.tex")
("C:\Users\Michal\AppData\Local\Programs\MiKTeX 2.9\tex/generic/pgfplots/numtab
le\pgfplotstableshared.code.tex"
\c@pgfplotstable@counta=\count139
\t@pgfplotstable@a=\toks40
)
("C:\Users\Michal\AppData\Local\Programs\MiKTeX 2.9\tex/generic/pgfplots/listst
ructure\pgfplotsdeque.code.tex")
("C:\Users\Michal\AppData\Local\Programs\MiKTeX 2.9\tex/generic/pgfplots/util\p
gfplotsbinary.code.tex"
("C:\Users\Michal\AppData\Local\Programs\MiKTeX 2.9\tex/generic/pgfplots/util\p
gfplotsbinary.data.code.tex"))
("C:\Users\Michal\AppData\Local\Programs\MiKTeX 2.9\tex/generic/pgfplots/util\p
gfplotsutil.verb.code.tex")
("C:\Users\Michal\AppData\Local\Programs\MiKTeX 2.9\tex/generic/pgfplots/libs\p
gflibrarypgfplots.surfshading.code.tex"
\c@pgfplotslibrarysurf@no=\count140

("C:\Users\Michal\AppData\Local\Programs\MiKTeX 2.9\tex/generic/pgfplots/sys\pg
flibrarypgfplots.surfshading.pgfsys-pdftex.def")))
("C:\Users\Michal\AppData\Local\Programs\MiKTeX 2.9\tex/generic/pgfplots/util\p
gfplotscolormap.code.tex"
("C:\Users\Michal\AppData\Local\Programs\MiKTeX 2.9\tex/generic/pgfplots/util\p
gfplotscolor.code.tex"))
("C:\Users\Michal\AppData\Local\Programs\MiKTeX 2.9\tex/generic/pgfplots\pgfplo
tsstackedplots.code.tex")
("C:\Users\Michal\AppData\Local\Programs\MiKTeX 2.9\tex/generic/pgfplots\pgfplo
tsplothandlers.code.tex"
("C:\Users\Michal\AppData\Local\Programs\MiKTeX 2.9\tex/generic/pgfplots\pgfplo
tsmeshplothandler.code.tex"
("C:\Users\Michal\AppData\Local\Programs\MiKTeX 2.9\tex/generic/pgfplots\pgfplo
tsmeshplotimage.code.tex")))
("C:\Users\Michal\AppData\Local\Programs\MiKTeX 2.9\tex/generic/pgfplots\pgfplo
ts.scaling.code.tex")
("C:\Users\Michal\AppData\Local\Programs\MiKTeX 2.9\tex/generic/pgfplots\pgfplo
tscoordprocessing.code.tex")
("C:\Users\Michal\AppData\Local\Programs\MiKTeX 2.9\tex/generic/pgfplots\pgfplo
ts.errorbars.code.tex")
("C:\Users\Michal\AppData\Local\Programs\MiKTeX 2.9\tex/generic/pgfplots\pgfplo
ts.markers.code.tex")
("C:\Users\Michal\AppData\Local\Programs\MiKTeX 2.9\tex/generic/pgfplots\pgfplo
tsticks.code.tex")
("C:\Users\Michal\AppData\Local\Programs\MiKTeX 2.9\tex/generic/pgfplots\pgfplo
ts.paths.code.tex")
("C:\Users\Michal\AppData\Local\Programs\MiKTeX 2.9\tex/generic/pgf/frontendlay
er/tikz/libraries\tikzlibrarydecorations.pathmorphing.code.tex"
("C:\Users\Michal\AppData\Local\Programs\MiKTeX 2.9\tex/generic/pgf/libraries/d
ecorations\pgflibrarydecorations.pathmorphing.code.tex"))
("C:\Users\Michal\AppData\Local\Programs\MiKTeX 2.9\tex/generic/pgf/frontendlay
er/tikz/libraries\tikzlibrarydecorations.pathreplacing.code.tex"
("C:\Users\Michal\AppData\Local\Programs\MiKTeX 2.9\tex/generic/pgf/libraries/d
ecorations\pgflibrarydecorations.pathreplacing.code.tex"))
\pgfplots@numplots=\count141
\pgfplots@xmin@reg=\dimen189
\pgfplots@xmax@reg=\dimen190
\pgfplots@ymin@reg=\dimen191
\pgfplots@ymax@reg=\dimen192
\pgfplots@zmin@reg=\dimen193
\pgfplots@zmax@reg=\dimen194
)
("C:\Users\Michal\AppData\Local\Programs\MiKTeX 2.9\tex/generic/pgf/frontendlay
er/tikz/libraries\tikzlibraryplotmarks.code.tex"
File: tikzlibraryplotmarks.code.tex 2019/02/02 v3.1.1 (3.1.1)

("C:\Users\Michal\AppData\Local\Programs\MiKTeX 2.9\tex/generic/pgf/libraries\p
gflibraryplotmarks.code.tex"
File: pgflibraryplotmarks.code.tex 2019/02/02 v3.1.1 (3.1.1)
)))
("C:\Users\Michal\AppData\Local\Programs\MiKTeX 2.9\tex/generic/pgfplots/libs\t
ikzlibrarypgfplots.groupplots.code.tex"
\pgfplots@group@current@plot=\count142
\pgfplots@group@current@row=\count143
\pgfplots@group@current@column=\count144
)
("C:\Users\Michal\AppData\Local\Programs\MiKTeX 2.9\tex/latex/listings\listings
.sty"
\lst@mode=\count145
\lst@gtempboxa=\box44
\lst@token=\toks41
\lst@length=\count146
\lst@currlwidth=\dimen195
\lst@column=\count147
\lst@pos=\count148
\lst@lostspace=\dimen196
\lst@width=\dimen197
\lst@newlines=\count149
\lst@lineno=\count150
\lst@maxwidth=\dimen198

("C:\Users\Michal\AppData\Local\Programs\MiKTeX 2.9\tex/latex/listings\lstmisc.
sty"
File: lstmisc.sty 2019/02/27 1.8b (Carsten Heinz)
\c@lstnumber=\count151
\lst@skipnumbers=\count152
\lst@framebox=\box45
)
("C:\Users\Michal\AppData\Local\Programs\MiKTeX 2.9\tex/latex/listings\listings
.cfg"
File: listings.cfg 2019/02/27 1.8b listings configuration
))
Package: listings 2019/02/27 1.8b (Carsten Heinz)

("C:\Users\Michal\AppData\Local\Programs\MiKTeX 2.9\tex/latex/matlab-prettifier
\matlab-prettifier.sty"
Package: matlab-prettifier 2014/06/19 v0.3 A package for prettyprinting Matlab 
source code

("C:\Users\Michal\AppData\Local\Programs\MiKTeX 2.9\tex/latex/base\textcomp.sty
"
Package: textcomp 2018/08/11 v2.0j Standard LaTeX package
Package textcomp Info: Sub-encoding information:
(textcomp)               5 = only ISO-Adobe without \textcurrency
(textcomp)               4 = 5 + \texteuro
(textcomp)               3 = 4 + \textohm
(textcomp)               2 = 3 + \textestimated + \textcurrency
(textcomp)               1 = TS1 - \textcircled - \t
(textcomp)               0 = TS1 (full)
(textcomp)             Font families with sub-encoding setting implement
(textcomp)             only a restricted character set as indicated.
(textcomp)             Family '?' is the default used for unknown fonts.
(textcomp)             See the documentation for details.
Package textcomp Info: Setting ? sub-encoding to TS1/1 on input line 79.
 ("C:\Users\Michal\AppData\Local\Programs\MiKTeX 2.9\tex/latex/base\ts1enc.def"
File: ts1enc.def 2001/06/05 v3.0e (jk/car/fm) Standard LaTeX file
Now handling font encoding TS1 ...
... processing UTF-8 mapping file for font encoding TS1
 ("C:\Users\Michal\AppData\Local\Programs\MiKTeX 2.9\tex/latex/base\ts1enc.dfu"
File: ts1enc.dfu 2018/10/05 v1.2f UTF-8 support for inputenc
   defining Unicode char U+00A2 (decimal 162)
   defining Unicode char U+00A3 (decimal 163)
   defining Unicode char U+00A4 (decimal 164)
   defining Unicode char U+00A5 (decimal 165)
   defining Unicode char U+00A6 (decimal 166)
   defining Unicode char U+00A7 (decimal 167)
   defining Unicode char U+00A8 (decimal 168)
   defining Unicode char U+00A9 (decimal 169)
   defining Unicode char U+00AA (decimal 170)
   defining Unicode char U+00AC (decimal 172)
   defining Unicode char U+00AE (decimal 174)
   defining Unicode char U+00AF (decimal 175)
   defining Unicode char U+00B0 (decimal 176)
   defining Unicode char U+00B1 (decimal 177)
   defining Unicode char U+00B2 (decimal 178)
   defining Unicode char U+00B3 (decimal 179)
   defining Unicode char U+00B4 (decimal 180)
   defining Unicode char U+00B5 (decimal 181)
   defining Unicode char U+00B6 (decimal 182)
   defining Unicode char U+00B7 (decimal 183)
   defining Unicode char U+00B9 (decimal 185)
   defining Unicode char U+00BA (decimal 186)
   defining Unicode char U+00BC (decimal 188)
   defining Unicode char U+00BD (decimal 189)
   defining Unicode char U+00BE (decimal 190)
   defining Unicode char U+00D7 (decimal 215)
   defining Unicode char U+00F7 (decimal 247)
   defining Unicode char U+0192 (decimal 402)
   defining Unicode char U+02C7 (decimal 711)
   defining Unicode char U+02D8 (decimal 728)
   defining Unicode char U+02DD (decimal 733)
   defining Unicode char U+0E3F (decimal 3647)
   defining Unicode char U+2016 (decimal 8214)
   defining Unicode char U+2020 (decimal 8224)
   defining Unicode char U+2021 (decimal 8225)
   defining Unicode char U+2022 (decimal 8226)
   defining Unicode char U+2030 (decimal 8240)
   defining Unicode char U+2031 (decimal 8241)
   defining Unicode char U+203B (decimal 8251)
   defining Unicode char U+203D (decimal 8253)
   defining Unicode char U+2044 (decimal 8260)
   defining Unicode char U+204E (decimal 8270)
   defining Unicode char U+2052 (decimal 8274)
   defining Unicode char U+20A1 (decimal 8353)
   defining Unicode char U+20A4 (decimal 8356)
   defining Unicode char U+20A6 (decimal 8358)
   defining Unicode char U+20A9 (decimal 8361)
   defining Unicode char U+20AB (decimal 8363)
   defining Unicode char U+20AC (decimal 8364)
   defining Unicode char U+20B1 (decimal 8369)
   defining Unicode char U+2103 (decimal 8451)
   defining Unicode char U+2116 (decimal 8470)
   defining Unicode char U+2117 (decimal 8471)
   defining Unicode char U+211E (decimal 8478)
   defining Unicode char U+2120 (decimal 8480)
   defining Unicode char U+2122 (decimal 8482)
   defining Unicode char U+2126 (decimal 8486)
   defining Unicode char U+2127 (decimal 8487)
   defining Unicode char U+212E (decimal 8494)
   defining Unicode char U+2190 (decimal 8592)
   defining Unicode char U+2191 (decimal 8593)
   defining Unicode char U+2192 (decimal 8594)
   defining Unicode char U+2193 (decimal 8595)
   defining Unicode char U+2329 (decimal 9001)
   defining Unicode char U+232A (decimal 9002)
   defining Unicode char U+2422 (decimal 9250)
   defining Unicode char U+25E6 (decimal 9702)
   defining Unicode char U+25EF (decimal 9711)
   defining Unicode char U+266A (decimal 9834)
   defining Unicode char U+FEFF (decimal 65279)
))
LaTeX Info: Redefining \oldstylenums on input line 334.
Package textcomp Info: Setting cmr sub-encoding to TS1/0 on input line 349.
Package textcomp Info: Setting cmss sub-encoding to TS1/0 on input line 350.
Package textcomp Info: Setting cmtt sub-encoding to TS1/0 on input line 351.
Package textcomp Info: Setting cmvtt sub-encoding to TS1/0 on input line 352.
Package textcomp Info: Setting cmbr sub-encoding to TS1/0 on input line 353.
Package textcomp Info: Setting cmtl sub-encoding to TS1/0 on input line 354.
Package textcomp Info: Setting ccr sub-encoding to TS1/0 on input line 355.
Package textcomp Info: Setting ptm sub-encoding to TS1/4 on input line 356.
Package textcomp Info: Setting pcr sub-encoding to TS1/4 on input line 357.
Package textcomp Info: Setting phv sub-encoding to TS1/4 on input line 358.
Package textcomp Info: Setting ppl sub-encoding to TS1/3 on input line 359.
Package textcomp Info: Setting pag sub-encoding to TS1/4 on input line 360.
Package textcomp Info: Setting pbk sub-encoding to TS1/4 on input line 361.
Package textcomp Info: Setting pnc sub-encoding to TS1/4 on input line 362.
Package textcomp Info: Setting pzc sub-encoding to TS1/4 on input line 363.
Package textcomp Info: Setting bch sub-encoding to TS1/4 on input line 364.
Package textcomp Info: Setting put sub-encoding to TS1/5 on input line 365.
Package textcomp Info: Setting uag sub-encoding to TS1/5 on input line 366.
Package textcomp Info: Setting ugq sub-encoding to TS1/5 on input line 367.
Package textcomp Info: Setting ul8 sub-encoding to TS1/4 on input line 368.
Package textcomp Info: Setting ul9 sub-encoding to TS1/4 on input line 369.
Package textcomp Info: Setting augie sub-encoding to TS1/5 on input line 370.
Package textcomp Info: Setting dayrom sub-encoding to TS1/3 on input line 371.
Package textcomp Info: Setting dayroms sub-encoding to TS1/3 on input line 372.

Package textcomp Info: Setting pxr sub-encoding to TS1/0 on input line 373.
Package textcomp Info: Setting pxss sub-encoding to TS1/0 on input line 374.
Package textcomp Info: Setting pxtt sub-encoding to TS1/0 on input line 375.
Package textcomp Info: Setting txr sub-encoding to TS1/0 on input line 376.
Package textcomp Info: Setting txss sub-encoding to TS1/0 on input line 377.
Package textcomp Info: Setting txtt sub-encoding to TS1/0 on input line 378.
Package textcomp Info: Setting lmr sub-encoding to TS1/0 on input line 379.
Package textcomp Info: Setting lmdh sub-encoding to TS1/0 on input line 380.
Package textcomp Info: Setting lmss sub-encoding to TS1/0 on input line 381.
Package textcomp Info: Setting lmssq sub-encoding to TS1/0 on input line 382.
Package textcomp Info: Setting lmvtt sub-encoding to TS1/0 on input line 383.
Package textcomp Info: Setting lmtt sub-encoding to TS1/0 on input line 384.
Package textcomp Info: Setting qhv sub-encoding to TS1/0 on input line 385.
Package textcomp Info: Setting qag sub-encoding to TS1/0 on input line 386.
Package textcomp Info: Setting qbk sub-encoding to TS1/0 on input line 387.
Package textcomp Info: Setting qcr sub-encoding to TS1/0 on input line 388.
Package textcomp Info: Setting qcs sub-encoding to TS1/0 on input line 389.
Package textcomp Info: Setting qpl sub-encoding to TS1/0 on input line 390.
Package textcomp Info: Setting qtm sub-encoding to TS1/0 on input line 391.
Package textcomp Info: Setting qzc sub-encoding to TS1/0 on input line 392.
Package textcomp Info: Setting qhvc sub-encoding to TS1/0 on input line 393.
Package textcomp Info: Setting futs sub-encoding to TS1/4 on input line 394.
Package textcomp Info: Setting futx sub-encoding to TS1/4 on input line 395.
Package textcomp Info: Setting futj sub-encoding to TS1/4 on input line 396.
Package textcomp Info: Setting hlh sub-encoding to TS1/3 on input line 397.
Package textcomp Info: Setting hls sub-encoding to TS1/3 on input line 398.
Package textcomp Info: Setting hlst sub-encoding to TS1/3 on input line 399.
Package textcomp Info: Setting hlct sub-encoding to TS1/5 on input line 400.
Package textcomp Info: Setting hlx sub-encoding to TS1/5 on input line 401.
Package textcomp Info: Setting hlce sub-encoding to TS1/5 on input line 402.
Package textcomp Info: Setting hlcn sub-encoding to TS1/5 on input line 403.
Package textcomp Info: Setting hlcw sub-encoding to TS1/5 on input line 404.
Package textcomp Info: Setting hlcf sub-encoding to TS1/5 on input line 405.
Package textcomp Info: Setting pplx sub-encoding to TS1/3 on input line 406.
Package textcomp Info: Setting pplj sub-encoding to TS1/3 on input line 407.
Package textcomp Info: Setting ptmx sub-encoding to TS1/4 on input line 408.
Package textcomp Info: Setting ptmj sub-encoding to TS1/4 on input line 409.
)
\netBracketCount@mlpr=\count153
\blkLvl@mlpr=\count154
\blkLvlAtClassdef@mlpr=\count155
\emHeight@mlpr=\skip48
\jayDepth@mlpr=\skip49
\sectionRuleOffset@mlpr=\skip50
\toks@mlpr=\toks42
)
("C:\Users\Michal\AppData\Local\Programs\MiKTeX 2.9\tex/latex/enumitem\enumitem
.sty"
Package: enumitem 2019/02/04 v3.8 Customized lists
\labelindent=\skip51
\enit@outerparindent=\dimen199
\enit@toks=\toks43
\enit@inbox=\box46
\enit@count@id=\count156
\enitdp@description=\count157
)
("C:\Users\Michal\AppData\Local\Programs\MiKTeX 2.9\tex/latex/siunitx\siunitx.s
ty"
("C:\Users\Michal\AppData\Local\Programs\MiKTeX 2.9\tex/latex/l3kernel\expl3.st
y"
Package: expl3 2019-02-15 L3 programming layer (loader) 

("C:\Users\Michal\AppData\Local\Programs\MiKTeX 2.9\tex/latex/l3kernel\expl3-co
de.tex"
Package: expl3 2019-02-15 L3 programming layer (code)
\c_max_int=\count158
\l_tmpa_int=\count159
\l_tmpb_int=\count160
\g_tmpa_int=\count161
\g_tmpb_int=\count162
\g__kernel_prg_map_int=\count163
\c_log_iow=\count164
\l_iow_line_count_int=\count165
\l__iow_line_target_int=\count166
\l__iow_one_indent_int=\count167
\l__iow_indent_int=\count168
\c_zero_dim=\dimen256
\c_max_dim=\dimen257
\l_tmpa_dim=\dimen258
\l_tmpb_dim=\dimen259
\g_tmpa_dim=\dimen260
\g_tmpb_dim=\dimen261
\c_zero_skip=\skip52
\c_max_skip=\skip53
\l_tmpa_skip=\skip54
\l_tmpb_skip=\skip55
\g_tmpa_skip=\skip56
\g_tmpb_skip=\skip57
\c_zero_muskip=\muskip12
\c_max_muskip=\muskip13
\l_tmpa_muskip=\muskip14
\l_tmpb_muskip=\muskip15
\g_tmpa_muskip=\muskip16
\g_tmpb_muskip=\muskip17
\l_keys_choice_int=\count169
\l__intarray_loop_int=\count170
\c__intarray_sp_dim=\dimen262
\g__intarray_font_int=\count171
\c__fp_leading_shift_int=\count172
\c__fp_middle_shift_int=\count173
\c__fp_trailing_shift_int=\count174
\c__fp_big_leading_shift_int=\count175
\c__fp_big_middle_shift_int=\count176
\c__fp_big_trailing_shift_int=\count177
\c__fp_Bigg_leading_shift_int=\count178
\c__fp_Bigg_middle_shift_int=\count179
\c__fp_Bigg_trailing_shift_int=\count180
\c__kernel_randint_max_int=\count181
\g__fp_array_int=\count182
\l__fp_array_loop_int=\count183
\l__sort_length_int=\count184
\l__sort_min_int=\count185
\l__sort_top_int=\count186
\l__sort_max_int=\count187
\l__sort_true_max_int=\count188
\l__sort_block_int=\count189
\l__sort_begin_int=\count190
\l__sort_end_int=\count191
\l__sort_A_int=\count192
\l__sort_B_int=\count193
\l__sort_C_int=\count194
\l__tl_analysis_normal_int=\count195
\l__tl_analysis_index_int=\count196
\l__tl_analysis_nesting_int=\count197
\l__tl_analysis_type_int=\count198
\l__regex_internal_a_int=\count199
\l__regex_internal_b_int=\count266
\l__regex_internal_c_int=\count267
\l__regex_balance_int=\count268
\l__regex_group_level_int=\count269
\l__regex_mode_int=\count270
\c__regex_cs_in_class_mode_int=\count271
\c__regex_cs_mode_int=\count272
\l__regex_catcodes_int=\count273
\l__regex_default_catcodes_int=\count274
\c__regex_catcode_D_int=\count275
\c__regex_catcode_S_int=\count276
\c__regex_catcode_L_int=\count277
\c__regex_catcode_O_int=\count278
\c__regex_catcode_A_int=\count279
\c__regex_all_catcodes_int=\count280
\l__regex_show_lines_int=\count281
\l__regex_min_state_int=\count282
\l__regex_max_state_int=\count283
\l__regex_left_state_int=\count284
\l__regex_right_state_int=\count285
\l__regex_capturing_group_int=\count286
\l__regex_min_pos_int=\count287
\l__regex_max_pos_int=\count288
\l__regex_curr_pos_int=\count289
\l__regex_start_pos_int=\count290
\l__regex_success_pos_int=\count291
\l__regex_curr_char_int=\count292
\l__regex_curr_catcode_int=\count293
\l__regex_last_char_int=\count294
\l__regex_case_changed_char_int=\count295
\l__regex_curr_state_int=\count296
\l__regex_step_int=\count297
\l__regex_min_active_int=\count298
\l__regex_max_active_int=\count299
\l__regex_replacement_csnames_int=\count300
\l__regex_match_count_int=\count301
\l__regex_min_submatch_int=\count302
\l__regex_submatch_int=\count303
\l__regex_zeroth_submatch_int=\count304
\g__regex_trace_regex_int=\count305
\c_empty_box=\box47
\l_tmpa_box=\box48
\l_tmpb_box=\box49
\g_tmpa_box=\box50
\g_tmpb_box=\box51
\l__box_top_dim=\dimen263
\l__box_bottom_dim=\dimen264
\l__box_left_dim=\dimen265
\l__box_right_dim=\dimen266
\l__box_top_new_dim=\dimen267
\l__box_bottom_new_dim=\dimen268
\l__box_left_new_dim=\dimen269
\l__box_right_new_dim=\dimen270
\l__box_internal_box=\box52
\l__coffin_internal_box=\box53
\l__coffin_internal_dim=\dimen271
\l__coffin_offset_x_dim=\dimen272
\l__coffin_offset_y_dim=\dimen273
\l__coffin_x_dim=\dimen274
\l__coffin_y_dim=\dimen275
\l__coffin_x_prime_dim=\dimen276
\l__coffin_y_prime_dim=\dimen277
\c_empty_coffin=\box54
\l__coffin_aligned_coffin=\box55
\l__coffin_aligned_internal_coffin=\box56
\l_tmpa_coffin=\box57
\l_tmpb_coffin=\box58
\g_tmpa_coffin=\box59
\g_tmpb_coffin=\box60
\c__coffin_empty_coffin=\box61
\l__coffin_display_coffin=\box62
\l__coffin_display_coord_coffin=\box63
\l__coffin_display_pole_coffin=\box64
\l__coffin_display_offset_dim=\dimen278
\l__coffin_display_x_dim=\dimen279
\l__coffin_display_y_dim=\dimen280
\g__file_internal_ior=\read3
\l__coffin_bounding_shift_dim=\dimen281
\l__coffin_left_corner_dim=\dimen282
\l__coffin_right_corner_dim=\dimen283
\l__coffin_bottom_corner_dim=\dimen284
\l__coffin_top_corner_dim=\dimen285
\l__coffin_scaled_total_height_dim=\dimen286
\l__coffin_scaled_width_dim=\dimen287
\l__seq_internal_a_int=\count306
\l__seq_internal_b_int=\count307
)
("C:\Users\Michal\AppData\Local\Programs\MiKTeX 2.9\tex/latex/l3kernel\l3pdfmod
e.def"
File: l3pdfmode.def 2019-02-15 v L3 Experimental driver: PDF mode
\l__driver_color_stack_int=\count308
))
("C:\Users\Michal\AppData\Local\Programs\MiKTeX 2.9\tex/latex/l3packages/xparse
\xparse.sty"
Package: xparse 2018-10-17 L3 Experimental document command parser
\l__xparse_current_arg_int=\count309
\g__xparse_grabber_int=\count310
\l__xparse_m_args_int=\count311
\l__xparse_mandatory_args_int=\count312
\l__xparse_v_nesting_int=\count313
)
Package: siunitx 2018/05/17 v2.7s A comprehensive (SI) units package

("C:\Users\Michal\AppData\Local\Programs\MiKTeX 2.9\tex/latex/tools\array.sty"
Package: array 2018/12/30 v2.4k Tabular extension package (FMi)
\col@sep=\dimen288
\ar@mcellbox=\box65
\extrarowheight=\dimen289
\NC@list=\toks44
\extratabsurround=\skip58
\backup@length=\skip59
\ar@cellbox=\box66
)
("C:\Users\Michal\AppData\Local\Programs\MiKTeX 2.9\tex/latex/l3packages/l3keys
2e\l3keys2e.sty"
Package: l3keys2e 2018-10-17 LaTeX2e option processing using LaTeX3 keys
)
\l__siunitx_tmp_box=\box67
\l__siunitx_tmp_dim=\dimen290
\l__siunitx_tmp_int=\count314
\l__siunitx_number_mantissa_length_int=\count315
\l__siunitx_number_uncert_length_int=\count316
\l__siunitx_round_int=\count317
\l__siunitx_process_decimal_int=\count318
\l__siunitx_process_uncertainty_int=\count319
\l__siunitx_process_fixed_int=\count320
\l__siunitx_process_integer_min_int=\count321
\l__siunitx_process_precision_int=\count322
\l__siunitx_group_min_int=\count323
\l__siunitx_angle_marker_box=\box68
\l__siunitx_angle_unit_box=\box69
\l__siunitx_angle_marker_dim=\dimen291
\l__siunitx_angle_unit_dim=\dimen292
\l__siunitx_unit_int=\count324
\l__siunitx_unit_denominator_int=\count325
\l__siunitx_unit_numerator_int=\count326
\l__siunitx_unit_prefix_int=\count327
\l__siunitx_unit_prefix_base_int=\count328
\l__siunitx_unit_prefix_gram_int=\count329
\l__siunitx_number_product_int=\count330
\c__siunitx_one_fill_skip=\skip60
\l__siunitx_table_unit_align_skip=\skip61
\l__siunitx_table_exponent_dim=\dimen293
\l__siunitx_table_integer_dim=\dimen294
\l__siunitx_table_mantissa_dim=\dimen295
\l__siunitx_table_marker_dim=\dimen296
\l__siunitx_table_result_dim=\dimen297
\l__siunitx_table_uncert_dim=\dimen298
\l__siunitx_table_fill_pre_dim=\dimen299
\l__siunitx_table_fill_post_dim=\dimen300
\l__siunitx_table_fill_mid_dim=\dimen301
\l__siunitx_table_pre_box=\box70
\l__siunitx_table_post_box=\box71
\l__siunitx_table_mantissa_box=\box72
\l__siunitx_table_result_box=\box73
\l__siunitx_table_number_align_skip=\skip62
\l__siunitx_table_text_align_skip=\skip63

("C:\Users\Michal\AppData\Local\Programs\MiKTeX 2.9\tex/latex/translator\transl
ator.sty"
Package: translator 2018/01/04 v1.12 Easy translation of strings in LaTeX
))

LaTeX Warning: Unused global option(s):
    [twosides].

(sprawozdanie_szablon.aux)
\openout1 = `sprawozdanie_szablon.aux'.

LaTeX Font Info:    Checking defaults for OML/cmm/m/it on input line 85.
LaTeX Font Info:    ... okay on input line 85.
LaTeX Font Info:    Checking defaults for T1/cmr/m/n on input line 85.
LaTeX Font Info:    ... okay on input line 85.
LaTeX Font Info:    Checking defaults for OT1/cmr/m/n on input line 85.
LaTeX Font Info:    ... okay on input line 85.
LaTeX Font Info:    Checking defaults for OMS/cmsy/m/n on input line 85.
LaTeX Font Info:    ... okay on input line 85.
LaTeX Font Info:    Checking defaults for OMX/cmex/m/n on input line 85.
LaTeX Font Info:    ... okay on input line 85.
LaTeX Font Info:    Checking defaults for U/cmr/m/n on input line 85.
LaTeX Font Info:    ... okay on input line 85.
LaTeX Font Info:    Checking defaults for OT4/cmr/m/n on input line 85.
LaTeX Font Info:    ... okay on input line 85.
LaTeX Font Info:    Checking defaults for TS1/cmr/m/n on input line 85.
LaTeX Font Info:    Try loading font information for TS1+cmr on input line 85.

("C:\Users\Michal\AppData\Local\Programs\MiKTeX 2.9\tex/latex/base\ts1cmr.fd"
File: ts1cmr.fd 2014/09/29 v2.5h Standard LaTeX font definitions
)
LaTeX Font Info:    ... okay on input line 85.

*geometry* driver: auto-detecting
*geometry* detected driver: pdftex
*geometry* verbose mode - [ preamble ] result:
* driver: pdftex
* paper: a4paper
* layout: <same size as paper>
* layoutoffset:(h,v)=(0.0pt,0.0pt)
* modes: 
* h-part:(L,W,R)=(71.13188pt, 455.24411pt, 71.13188pt)
* v-part:(T,H,B)=(71.13188pt, 702.78308pt, 71.13188pt)
* \paperwidth=597.50787pt
* \paperheight=845.04684pt
* \textwidth=455.24408pt
* \textheight=702.78307pt
* \oddsidemargin=-1.1381pt
* \evensidemargin=-1.1381pt
* \topmargin=-30.33812pt
* \headheight=13.6pt
* \headsep=15.6pt
* \topskip=11.0pt
* \footskip=27.20001pt
* \marginparwidth=0.0pt
* \marginparsep=0.0pt
* \columnsep=25.6802pt
* \skip\footins=10.0pt plus 4.0pt minus 2.0pt
* \hoffset=0.0pt
* \voffset=0.0pt
* \mag=1000
* \@twocolumnfalse
* \@twosidefalse
* \@mparswitchfalse
* \@reversemarginfalse
* (1in=72.27pt=25.4mm, 1cm=28.453pt)


("C:\Users\Michal\AppData\Local\Programs\MiKTeX 2.9\tex/context/base/mkii\supp-
pdf.mkii"
[Loading MPS to PDF converter (version 2006.09.02).]
\scratchcounter=\count331
\scratchdimen=\dimen302
\scratchbox=\box74
\nofMPsegments=\count332
\nofMParguments=\count333
\everyMPshowfont=\toks45
\MPscratchCnt=\count334
\MPscratchDim=\dimen303
\MPnumerator=\count335
\makeMPintoPDFobject=\count336
\everyMPtoPDFconversion=\toks46
)
("C:\Users\Michal\AppData\Local\Programs\MiKTeX 2.9\tex/latex/oberdiek\epstopdf
-base.sty"
Package: epstopdf-base 2016/05/15 v2.6 Base part for package epstopdf

("C:\Users\Michal\AppData\Local\Programs\MiKTeX 2.9\tex/generic/oberdiek\infwar
err.sty"
Package: infwarerr 2016/05/16 v1.4 Providing info/warning/error messages (HO)
)
("C:\Users\Michal\AppData\Local\Programs\MiKTeX 2.9\tex/latex/oberdiek\grfext.s
ty"
Package: grfext 2016/05/16 v1.2 Manage graphics extensions (HO)

("C:\Users\Michal\AppData\Local\Programs\MiKTeX 2.9\tex/generic/oberdiek\kvdefi
nekeys.sty"
Package: kvdefinekeys 2016/05/16 v1.4 Define keys (HO)

("C:\Users\Michal\AppData\Local\Programs\MiKTeX 2.9\tex/generic/oberdiek\ltxcmd
s.sty"
Package: ltxcmds 2016/05/16 v1.23 LaTeX kernel commands for general use (HO)
)))
("C:\Users\Michal\AppData\Local\Programs\MiKTeX 2.9\tex/latex/oberdiek\kvoption
s.sty"
Package: kvoptions 2016/05/16 v3.12 Key value format for package options (HO)

("C:\Users\Michal\AppData\Local\Programs\MiKTeX 2.9\tex/generic/oberdiek\kvsetk
eys.sty"
Package: kvsetkeys 2016/05/16 v1.17 Key value parser (HO)

("C:\Users\Michal\AppData\Local\Programs\MiKTeX 2.9\tex/generic/oberdiek\etexcm
ds.sty"
Package: etexcmds 2016/05/16 v1.6 Avoid name clashes with e-TeX commands (HO)

("C:\Users\Michal\AppData\Local\Programs\MiKTeX 2.9\tex/generic/oberdiek\ifluat
ex.sty"
Package: ifluatex 2016/05/16 v1.4 Provides the ifluatex switch (HO)
Package ifluatex Info: LuaTeX not detected.
))))
("C:\Users\Michal\AppData\Local\Programs\MiKTeX 2.9\tex/generic/oberdiek\pdftex
cmds.sty"
Package: pdftexcmds 2018/09/10 v0.29 Utility functions of pdfTeX for LuaTeX (HO
)
Package pdftexcmds Info: LuaTeX not detected.
Package pdftexcmds Info: \pdf@primitive is available.
Package pdftexcmds Info: \pdf@ifprimitive is available.
Package pdftexcmds Info: \pdfdraftmode found.
)
Package epstopdf-base Info: Redefining graphics rule for `.eps' on input line 4
38.
Package grfext Info: Graphics extension search list:
(grfext)             [.pdf,.png,.jpg,.mps,.jpeg,.jbig2,.jb2,.PDF,.PNG,.JPG,.JPE
G,.JBIG2,.JB2,.eps]
(grfext)             \AppendGraphicsExtensions on input line 456.
) ABD: EveryShipout initializing macros

Package pgfplots Warning: running in backwards compatibility mode (unsuitable t
ick labels; missing features). Consider writing \pgfplotsset{compat=1.16} into 
your preamble.
 on input line 85.

\c@lstlisting=\count337

("C:\Users\Michal\AppData\Local\Programs\MiKTeX 2.9\tex/latex/translator\transl
ator-basic-dictionary-English.dict"
Dictionary: translator-basic-dictionary, Language: English 
)
("C:\Users\Michal\AppData\Local\Programs\MiKTeX 2.9\tex/latex/siunitx\siunitx-a
bbreviations.cfg"
File: siunitx-abbreviations.cfg 2017/11/26 v2.7k siunitx: Abbreviated units
)
("C:\Users\Michal\AppData\Local\Programs\MiKTeX 2.9\tex/latex/siunitx\siunitx-b
inary.cfg"
File: siunitx-binary.cfg 2017/11/26 v2.7k siunitx: Binary units
)
LaTeX Font Info:    Try loading font information for OML+plm on input line 85.

("C:\Users\Michal\AppData\Local\Programs\MiKTeX 2.9\tex/latex/polski\omlplm.fd"
File: omlplm.fd 2008/02/24 v1.2.1 Font defs for fonts PL (MW)
)
LaTeX Font Info:    Try loading font information for OMS+plsy on input line 85.


("C:\Users\Michal\AppData\Local\Programs\MiKTeX 2.9\tex/latex/polski\omsplsy.fd
"
File: omsplsy.fd 2008/02/24 v1.2.1 Font defs for fonts PL (MW)
)
LaTeX Font Info:    Try loading font information for OMX+plex on input line 85.


("C:\Users\Michal\AppData\Local\Programs\MiKTeX 2.9\tex/latex/polski\omxplex.fd
"
File: omxplex.fd 2008/02/24 v1.2.1 Font defs for fonts PL (MW)
)
LaTeX Font Info:    External font `plex10' loaded for size
(Font)              <10.95> on input line 85.
LaTeX Font Info:    External font `plex10' loaded for size
(Font)              <8> on input line 85.
LaTeX Font Info:    External font `plex10' loaded for size
(Font)              <6> on input line 85.
LaTeX Font Info:    Try loading font information for U+msa on input line 85.

("C:\Users\Michal\AppData\Local\Programs\MiKTeX 2.9\tex/latex/amsfonts\umsa.fd"
File: umsa.fd 2013/01/14 v3.01 AMS symbols A
)
LaTeX Font Info:    Try loading font information for U+msb on input line 85.
 ("C:\Users\Michal\AppData\Local\Programs\MiKTeX 2.9\tex/latex/amsfonts\umsb.fd
"
File: umsb.fd 2013/01/14 v3.01 AMS symbols B
)
LaTeX Font Info:    Try loading font information for OT4+cmss on input line 85.


("C:\Users\Michal\AppData\Local\Programs\MiKTeX 2.9\tex/latex/polski\ot4cmss.fd
"
File: ot4cmss.fd 2008/02/24 v1.2.1 Font defs for fonts PL (MW)
)
LaTeX Font Info:    Try loading font information for OT4+cmtt on input line 85.


("C:\Users\Michal\AppData\Local\Programs\MiKTeX 2.9\tex/latex/polski\ot4cmtt.fd
"
File: ot4cmtt.fd 2008/02/24 v1.2.1 Font defs for fonts PL (MW)
) [1

{C:/Users/Michal/AppData/Local/MiKTeX/2.9/pdftex/config/pdftex.map}]
(sprawozdanie_szablon.toc
LaTeX Font Info:    External font `plex10' loaded for size
(Font)              <10> on input line 1.
LaTeX Font Info:    External font `plex10' loaded for size
(Font)              <7> on input line 1.
LaTeX Font Info:    External font `plex10' loaded for size
(Font)              <5> on input line 1.

Overfull \hbox (2.94443pt too wide) detected at line 16
\OT4/cmr/bx/n/10 A. 
 []


Overfull \hbox (2.5pt too wide) detected at line 26
\OT4/cmr/m/n/10 A.10. 
 []


Overfull \hbox (2.5pt too wide) detected at line 27
\OT4/cmr/m/n/10 A.11. 
 []

)
\tf@toc=\write4
\openout4 = `sprawozdanie_szablon.toc'.

 (wstep.tex [1

]
Rozdzia\PlPrIeC {\l } 1.
) (wzory.tex [2

]
Rozdzia\PlPrIeC {\l } 2.
[3

]
Overfull \hbox (101.95361pt too wide) detected at line 99
\OML/plm/m/it/10.95 y\OT4/cmr/m/n/10.95 (\OML/plm/m/it/10.95 k\OT4/cmr/m/n/10.9
5 ) = \OML/plm/m/it/10.95 b[]u\OT4/cmr/m/n/10.95 (\OML/plm/m/it/10.95 k \OMS/pl
sy/m/n/10.95   \OT4/cmr/m/n/10.95 1) + \OML/plm/m/it/10.95 b[]u\OT4/cmr/m/n/10.
95 (\OML/plm/m/it/10.95 k \OMS/plsy/m/n/10.95   \OT4/cmr/m/n/10.95 2) + \OML/pl
m/m/it/10.95 b[]u\OT4/cmr/m/n/10.95 (\OML/plm/m/it/10.95 k \OMS/plsy/m/n/10.95 
  \OT4/cmr/m/n/10.95 3) + \OML/plm/m/it/10.95 b[]u\OT4/cmr/m/n/10.95 (\OML/plm/
m/it/10.95 k \OMS/plsy/m/n/10.95   \OT4/cmr/m/n/10.95 4) + \OML/plm/m/it/10.95 
b[]u\OT4/cmr/m/n/10.95 (\OML/plm/m/it/10.95 k \OMS/plsy/m/n/10.95   \OT4/cmr/m/
n/10.95 5) \OMS/plsy/m/n/10.95   \OML/plm/m/it/10.95 a[]y\OT4/cmr/m/n/10.95 (\O
ML/plm/m/it/10.95 k \OMS/plsy/m/n/10.95   \OT4/cmr/m/n/10.95 1) \OMS/plsy/m/n/1
0.95   \OML/plm/m/it/10.95 a[]y\OT4/cmr/m/n/10.95 (\OML/plm/m/it/10.95 k \OMS/p
lsy/m/n/10.95   \OT4/cmr/m/n/10.95 2) \OMS/plsy/m/n/10.95   \OML/plm/m/it/10.95
 a[]y\OT4/cmr/m/n/10.95 (\OML/plm/m/it/10.95 k \OMS/plsy/m/n/10.95   \OT4/cmr/m
/n/10.95 3) \OMS/plsy/m/n/10.95   \OML/plm/m/it/10.95 a[]y\OT4/cmr/m/n/10.95 (\
OML/plm/m/it/10.95 k \OMS/plsy/m/n/10.95   \OT4/cmr/m/n/10.95 4) \OMS/plsy/m/n/
10.95   \OML/plm/m/it/10.95 a[]y\OT4/cmr/m/n/10.95 (\OML/plm/m/it/10.95 k \OMS/
plsy/m/n/10.95   \OT4/cmr/m/n/10.95 5)
 []

) (tabele.tex [4]
Rozdzia\PlPrIeC {\l } 3.

Overfull \hbox (5.00002pt too wide) detected at line 126
 []
 []


Overfull \hbox (5.00002pt too wide) detected at line 176
 []
 []


Overfull \hbox (5.00002pt too wide) detected at line 177
 []
 []


Overfull \hbox (5.00002pt too wide) detected at line 178
 []
 []

) (rysunki.tex [5

] [6]
Rozdzia\PlPrIeC {\l } 4.
Missing character: There is no ; in font nullfont!

Overfull \hbox (6.82668pt too wide) in paragraph at lines 36--37
[]\OT4/cmr/m/n/10.95 ($\OT4/cmtt/m/n/10.95 http : / / tpx . sourceforge . net/$
\OT4/cmr/m/n/10.95 ), [][]\OT4/cmtt/m/n/10.95 ktikz []\OT4/cmr/m/n/10.95 ($\OT4
/cmtt/m/n/10.95 https : / / www . linux-[]apps . com / p / 1126914/$\OT4/cmr/m/
n/10.95 ), [][]\OT4/cmtt/m/n/10.95 GraTeX
 []

[7

] [8]
PGFPlots: reading {rysunki/dane_stat/dane_fx.txt}
PGFPlots: reading {rysunki/dane_stat/dane_gx.txt}

Overfull \hbox (25.58244pt too wide) in paragraph at lines 122--123
\OT4/cmr/m/n/10.95 umo-li-wia-j-cy za-pi-sa-nie ry-sun-ku do pli-ku [][]\OT4/
cmtt/m/n/10.95 funkcje.pdf[]\OT4/cmr/m/n/10.95 , znaj-du-je si w ka-ta-lo-gu [
][]\OT4/cmtt/m/n/10.95 rysunki/zapisz_pdf
 []

(rysunki/zapisz_pdf/zapisz_pdf_funkcje.tex [9])
Overfull \hbox (13.89258pt too wide) in paragraph at lines 131--132
[]\OT4/cmr/m/n/10.95 Przy du-ych zbio-rach da-nych L[]T[]X zga-sza bd pa-mi
-ci. Na-le-y ww-czas za-sto-so-wa [].
 []

<rysunki/zapisz_pdf/funkcje.pdf, id=52, 234.37865pt x 180.48027pt>
File: rysunki/zapisz_pdf/funkcje.pdf Graphic file (type pdf)
<use rysunki/zapisz_pdf/funkcje.pdf>
Package pdftex.def Info: rysunki/zapisz_pdf/funkcje.pdf  used on input line 151
.
(pdftex.def)             Requested size: 234.37807pt x 180.47983pt.

Overfull \hbox (8.54916pt too wide) in paragraph at lines 158--159
[]\OT4/cmr/m/n/10.95 Zamy, e w ka-ta-lo-gu [][]\OT4/cmtt/m/n/10.95 rysunki/
symulacje11 []\OT4/cmr/m/n/10.95 znaj-du-je si plik [][]\OT4/cmtt/m/n/10.95 yz
ad.txt []\OT4/cmr/m/n/10.95 za-wie-ra-j-cy w pierw-
 []


Overfull \hbox (9.03488pt too wide) in paragraph at lines 158--159
[][]\OT4/cmtt/m/n/10.95 u_lambda_0_1.txt[]\OT4/cmr/m/n/10.95 , [][]\OT4/cmtt/m/
n/10.95 u_lambda_0_2.txt[]\OT4/cmr/m/n/10.95 , [][]\OT4/cmtt/m/n/10.95 u_lambda
_0_5.txt[]\OT4/cmr/m/n/10.95 , [][]\OT4/cmtt/m/n/10.95 u_lambda_1.txt []\OT4/cm
r/m/n/10.95 i [][]\OT4/cmtt/m/n/10.95 u_lambda_2.txt[]\OT4/cmr/m/n/10.95 ,
 []


Overfull \hbox (1.80286pt too wide) in paragraph at lines 158--159
[][]\OT4/cmtt/m/n/10.95 y_lambda_0_2.txt[]\OT4/cmr/m/n/10.95 , [][]\OT4/cmtt/m/
n/10.95 y_lambda_0_5.txt[]\OT4/cmr/m/n/10.95 , [][]\OT4/cmtt/m/n/10.95 y_lambda
_1.txt []\OT4/cmr/m/n/10.95 i [][]\OT4/cmtt/m/n/10.95 y_lambda_2.txt[]\OT4/cmr/
m/n/10.95 . Przy-go-to-wa-no plik
 []

(rysunki/zapisz_pdf/zapisz_pdf_symulacje11.tex [10]
Underfull \vbox (badness 6825) has occurred while \output is active []

 [11 <./rysunki/zapisz_pdf/funkcje.pdf>])
Overfull \hbox (8.43335pt too wide) in paragraph at lines 165--166
\OT4/cmr/m/n/10.95 zapisuje plik [][]\OT4/cmtt/m/n/10.95 symulacje11.pdf[]\OT4/
cmr/m/n/10.95 . Ry-su-nek do--cza si do do-ku-men-tu in-struk-cj [][]\OT4/c
mtt/m/n/10.95 \includegraphics[]\OT4/cmr/m/n/10.95 .
 []

(rysunki/zapisz_pdf/zapisz_pdf_symulacje11_wersja2.tex [12]
Underfull \vbox (badness 10000) has occurred while \output is active []

 [13])
<rysunki/zapisz_pdf/symulacje11.pdf, id=87, 455.85306pt x 293.02875pt>
File: rysunki/zapisz_pdf/symulacje11.pdf Graphic file (type pdf)
<use rysunki/zapisz_pdf/symulacje11.pdf>
Package pdftex.def Info: rysunki/zapisz_pdf/symulacje11.pdf  used on input line
 175.
(pdftex.def)             Requested size: 455.85194pt x 293.02802pt.

Overfull \hbox (0.60786pt too wide) in paragraph at lines 175--178
 [][] 
 []

<rysunki/zapisz_pdf/symulacje11_wersja2.pdf, id=88, 453.1038pt x 168.66513pt>
File: rysunki/zapisz_pdf/symulacje11_wersja2.pdf Graphic file (type pdf)
<use rysunki/zapisz_pdf/symulacje11_wersja2.pdf>
Package pdftex.def Info: rysunki/zapisz_pdf/symulacje11_wersja2.pdf  used on in
put line 184.
(pdftex.def)             Requested size: 453.10269pt x 168.66472pt.

Overfull \hbox (1.0124pt too wide) in paragraph at lines 190--191
\OT4/cmr/m/n/10.95 wej-ciach i dwch wyj-ciach za-pi-sa-ne w pli-kach: [][]\O
T4/cmtt/m/n/10.95 yzad1.txt[]\OT4/cmr/m/n/10.95 , [][]\OT4/cmtt/m/n/10.95 yzad2
.txt[]\OT4/cmr/m/n/10.95 , [][]\OT4/cmtt/m/n/10.95 u1.txt[]\OT4/cmr/m/n/10.95 ,
 [][]\OT4/cmtt/m/n/10.95 u2.txt[]\OT4/cmr/m/n/10.95 , [][]\OT4/cmtt/m/n/10.95 y
1.txt[]\OT4/cmr/m/n/10.95 ,
 []

(rysunki/zapisz_pdf/zapisz_pdf_symulacje22.tex [14 <./rysunki/zapisz_pdf/symula
cje11.pdf>]
Underfull \vbox (badness 10000) has occurred while \output is active []

 [15 <./rysunki/zapisz_pdf/symulacje11_wersja2.pdf>])
(rysunki/zapisz_pdf/zapisz_pdf_symulacje22_wersja2.tex [16])
<rysunki/zapisz_pdf/symulacje22.pdf, id=132, 450.9879pt x 639.90771pt>
File: rysunki/zapisz_pdf/symulacje22.pdf Graphic file (type pdf)
<use rysunki/zapisz_pdf/symulacje22.pdf>
Package pdftex.def Info: rysunki/zapisz_pdf/symulacje22.pdf  used on input line
 200.
(pdftex.def)             Requested size: 450.98679pt x 639.90614pt.
<rysunki/zapisz_pdf/symulacje22_wersja2.pdf, id=133, 460.04872pt x 298.00935pt>

File: rysunki/zapisz_pdf/symulacje22_wersja2.pdf Graphic file (type pdf)
<use rysunki/zapisz_pdf/symulacje22_wersja2.pdf>
Package pdftex.def Info: rysunki/zapisz_pdf/symulacje22_wersja2.pdf  used on in
put line 208.
(pdftex.def)             Requested size: 460.04759pt x 298.0086pt.

Overfull \hbox (4.80351pt too wide) in paragraph at lines 208--210
 [][] 
 []

[17] [18 <./rysunki/zapisz_pdf/symulacje22.pdf>]
<rysunki/kolory.pdf, id=157, 12.045pt x 0.60225pt>
File: rysunki/kolory.pdf Graphic file (type pdf)
<use rysunki/kolory.pdf>
Package pdftex.def Info: rysunki/kolory.pdf  used on input line 243.
(pdftex.def)             Requested size: 341.82184pt x 70.36102pt.
) (listingi.tex [19 <./rysunki/zapisz_pdf/symulacje22_wersja2.pdf> <./rysunki/k
olory.pdf>] [20]
Rozdzia\PlPrIeC {\l } 5.

("C:\Users\Michal\AppData\Local\Programs\MiKTeX 2.9\tex/latex/listings\lstlang1
.sty"
File: lstlang1.sty 2019/02/27 1.8b listings language file
)
("C:\Users\Michal\AppData\Local\Programs\MiKTeX 2.9\tex/latex/listings\lstmisc.
sty"
File: lstmisc.sty 2019/02/27 1.8b (Carsten Heinz)
)

LaTeX Font Warning: Font shape `OT4/cmtt/bx/n' in size <10> not available
(Font)              Font shape `OT4/cmtt/m/n' tried instead on input line 5.

LaTeX Font Info:    Try loading font information for TS1+cmtt on input line 18.

("C:\Users\Michal\AppData\Local\Programs\MiKTeX 2.9\tex/latex/base\ts1cmtt.fd"
File: ts1cmtt.fd 2014/09/29 v2.5h Standard LaTeX font definitions
)) (literatura.tex [21

]) (zalacznik.tex
\fwidth=\skip64
\fheight=\skip65
 [22

]
Dodatek A.

Overfull \hbox (4.2914pt too wide) in paragraph at lines 6--7
[]\OT4/cmr/m/n/10.95 Aktualnie ko-do-wa-nie zna-kw usta-wio-ne jest na cp1250 
(cza-sem ozna-cza-ne ja-ko windows-1250).
 []

[23

]

LaTeX Font Warning: Font shape `OT4/cmtt/bx/n' in size <12> not available
(Font)              Font shape `OT4/cmtt/m/n' tried instead on input line 61.

(skrypty/wykresy_z_matlaba.m)
("C:\Users\Michal\AppData\Local\Programs\MiKTeX 2.9\tex/latex/listings\lstlang1
.sty"
File: lstlang1.sty 2019/02/27 1.8b listings language file
)
("C:\Users\Michal\AppData\Local\Programs\MiKTeX 2.9\tex/latex/listings\lstlang2
.sty"
File: lstlang2.sty 2019/02/27 1.8b listings language file
)
("C:\Users\Michal\AppData\Local\Programs\MiKTeX 2.9\tex/latex/listings\lstlang3
.sty"
File: lstlang3.sty 2019/02/27 1.8b listings language file
)
("C:\Users\Michal\AppData\Local\Programs\MiKTeX 2.9\tex/latex/listings\lstlang1
.sty"
File: lstlang1.sty 2019/02/27 1.8b listings language file
)
("C:\Users\Michal\AppData\Local\Programs\MiKTeX 2.9\tex/latex/listings\lstlang2
.sty"
File: lstlang2.sty 2019/02/27 1.8b listings language file
)
("C:\Users\Michal\AppData\Local\Programs\MiKTeX 2.9\tex/latex/listings\lstlang3
.sty"
File: lstlang3.sty 2019/02/27 1.8b listings language file
)
("C:\Users\Michal\AppData\Local\Programs\MiKTeX 2.9\tex/latex/listings\lstlang1
.sty"
File: lstlang1.sty 2019/02/27 1.8b listings language file
)
("C:\Users\Michal\AppData\Local\Programs\MiKTeX 2.9\tex/latex/listings\lstlang2
.sty"
File: lstlang2.sty 2019/02/27 1.8b listings language file
)
("C:\Users\Michal\AppData\Local\Programs\MiKTeX 2.9\tex/latex/listings\lstlang3
.sty"
File: lstlang3.sty 2019/02/27 1.8b listings language file
)
("C:\Users\Michal\AppData\Local\Programs\MiKTeX 2.9\tex/latex/listings\lstmisc.
sty"
File: lstmisc.sty 2019/02/27 1.8b (Carsten Heinz)
)
LaTeX Font Info:    Try loading font information for OMS+cmr on input line 65.

("C:\Users\Michal\AppData\Local\Programs\MiKTeX 2.9\tex/latex/base\omscmr.fd"
File: omscmr.fd 2014/09/29 v2.5h Standard LaTeX font definitions
)
LaTeX Font Info:    Font shape `OMS/cmr/m/n' in size <10.95> not available
(Font)              Font shape `OMS/cmsy/m/n' tried instead on input line 65.

(skrypty/wykres_tex.tex)
Underfull \vbox (badness 10000) has occurred while \output is active []

 [24]
Overfull \hbox (18.04361pt too wide) in paragraph at lines 73--76
\OT4/cmr/m/n/10.95 MA-TLAB b-dzie mg go od-na-le. War-to utwo-rzy ka-ta-l
og [][]\OT4/cmtt/m/n/10.95 <MATLAB_ROOT>/toolbox/matlab2tikz
 []


Underfull \vbox (badness 10000) has occurred while \output is active []

 [25]
(skrypty/plot.tex) (skrypty/stairs.tex) [26]
Overfull \hbox (0.15483pt too wide) in paragraph at lines 113--114
[]\OT4/cmr/m/n/10.95 W spra-woz-da-niu nie ma po-trze-by wy-pi-sy-wa-nia eks-pe
-ry-men-tw tak jak wy-ej, lecz dla uspraw-
 []

) [27] [28] (sprawozdanie_szablon.aux) ) 
Here is how much of TeX's memory you used:
 41071 strings out of 492946
 966535 string characters out of 3125823
 2450581 words of memory out of 3000000
 44298 multiletter control sequences out of 15000+200000
 557771 words of font info for 97 fonts, out of 3000000 for 9000
 1141 hyphenation exceptions out of 8191
 62i,19n,100p,1034b,2178s stack positions out of 5000i,500n,10000p,200000b,50000s
{C:/Users/Michal/AppData/Local/Programs
/MiKTeX 2.9/fonts/enc/dvips/pl/plms.enc}{C:/Users/Michal/AppData/Local/Programs
/MiKTeX 2.9/fonts/enc/dvips/pl/pltt.enc} <C:\Users\Michal\AppData\Local\MiKTeX\
2.9\fonts/pk/ljfour/jknappen/ec/dpi600\tcrm1095.pk> <C:\Users\Michal\AppData\Lo
cal\MiKTeX\2.9\fonts/pk/ljfour/jknappen/ec/dpi600\tctt1095.pk>{C:/Users/Michal/
AppData/Local/Programs/MiKTeX 2.9/fonts/enc/dvips/pl/plitt.enc}{C:/Users/Michal
/AppData/Local/Programs/MiKTeX 2.9/fonts/enc/dvips/pl/plrm.enc}{C:/Users/Michal
/AppData/Local/Programs/MiKTeX 2.9/fonts/enc/dvips/pl/plit.enc}{C:/Users/Michal
/AppData/Local/Programs/MiKTeX 2.9/fonts/enc/dvips/pl/plmi.enc}{C:/Users/Michal
/AppData/Local/Programs/MiKTeX 2.9/fonts/enc/dvips/pl/plme.enc}<C:/Users/Michal
/AppData/Local/Programs/MiKTeX 2.9/fonts/type1/public/amsfonts/cm/cmmi6.pfb><C:
/Users/Michal/AppData/Local/Programs/MiKTeX 2.9/fonts/type1/public/amsfonts/cm/
cmmi9.pfb><C:/Users/Michal/AppData/Local/Programs/MiKTeX 2.9/fonts/type1/public
/amsfonts/cm/cmr6.pfb><C:/Users/Michal/AppData/Local/Programs/MiKTeX 2.9/fonts/
type1/public/amsfonts/cm/cmr9.pfb><C:/Users/Michal/AppData/Local/Programs/MiKTe
X 2.9/fonts/type1/public/amsfonts/cm/cmsy10.pfb><C:/Users/Michal/AppData/Local/
Programs/MiKTeX 2.9/fonts/type1/public/amsfonts/cm/cmsy6.pfb><C:/Users/Michal/A
ppData/Local/Programs/MiKTeX 2.9/fonts/type1/public/pl/plbx10.pfb><C:/Users/Mic
hal/AppData/Local/Programs/MiKTeX 2.9/fonts/type1/public/pl/plbx12.pfb><C:/User
s/Michal/AppData/Local/Programs/MiKTeX 2.9/fonts/type1/public/pl/plex10.pfb><C:
/Users/Michal/AppData/Local/Programs/MiKTeX 2.9/fonts/type1/public/pl/plitt10.p
fb><C:/Users/Michal/AppData/Local/Programs/MiKTeX 2.9/fonts/type1/public/pl/plm
i10.pfb><C:/Users/Michal/AppData/Local/Programs/MiKTeX 2.9/fonts/type1/public/p
l/plmi8.pfb><C:/Users/Michal/AppData/Local/Programs/MiKTeX 2.9/fonts/type1/publ
ic/pl/plmib10.pfb><C:/Users/Michal/AppData/Local/Programs/MiKTeX 2.9/fonts/type
1/public/pl/plr10.pfb><C:/Users/Michal/AppData/Local/Programs/MiKTeX 2.9/fonts/
type1/public/pl/plr6.pfb><C:/Users/Michal/AppData/Local/Programs/MiKTeX 2.9/fon
ts/type1/public/pl/plr7.pfb><C:/Users/Michal/AppData/Local/Programs/MiKTeX 2.9/
fonts/type1/public/pl/plr8.pfb><C:/Users/Michal/AppData/Local/Programs/MiKTeX 2
.9/fonts/type1/public/pl/plsy10.pfb><C:/Users/Michal/AppData/Local/Programs/MiK
TeX 2.9/fonts/type1/public/pl/plsy6.pfb><C:/Users/Michal/AppData/Local/Programs
/MiKTeX 2.9/fonts/type1/public/pl/plsy7.pfb><C:/Users/Michal/AppData/Local/Prog
rams/MiKTeX 2.9/fonts/type1/public/pl/plsy8.pfb><C:/Users/Michal/AppData/Local/
Programs/MiKTeX 2.9/fonts/type1/public/pl/plti10.pfb><C:/Users/Michal/AppData/L
ocal/Programs/MiKTeX 2.9/fonts/type1/public/pl/pltt10.pfb><C:/Users/Michal/AppD
ata/Local/Programs/MiKTeX 2.9/fonts/type1/public/pl/pltt12.pfb><C:/Users/Michal
/AppData/Local/Programs/MiKTeX 2.9/fonts/type1/public/pl/pltt9.pfb>
Output written on sprawozdanie_szablon.pdf (29 pages, 381714 bytes).
PDF statistics:
 295 PDF objects out of 1000 (max. 8388607)
 0 named destinations out of 1000 (max. 500000)
 43 words of extra memory for PDF output out of 10000 (max. 10000000)

